python.exe : [build] validate source mesh ...
At line:15 char:4689
+ ... pgrep\bin'; & "C:/ProgramData/anaconda3/python.exe" setup_cht_case.py ...
+                 ~~~~~~~~~~~~~~~~~~~~~~~~~~~~~~~~~~~~~~~~~~~~~~~~~~~~~~~~~
    + CategoryInfo          : NotSpecified: ([build] validate source mesh ...:String) [], RemoteException
    + FullyQualifiedErrorId : NativeCommandError
 
[build] load source mesh ...
[build]   loaded: 34 patches, 10 zones (0.3s)
[build] build interface list ...
[build]   9 interfaces (0.0s)
[build] remove old output case (D:\training\cgns\foam2thermal\cases\laptop_thermal_cht_v3) ...
[build]   removed (20.4s)
[copy_mesh] rmtree existing polyMesh ...
[copy_mesh] copytree source polyMesh ...
[copy_mesh] repair_cell_zones ...
[copy_mesh] coalesce_zone_interfaces begin ...
[coalesce] read points ...
[coalesce]   points: 10598544 (0.4s)
[coalesce] read faces/owner/neighbour ...
[coalesce]   faces/owner/neighbour done (3.8s)
[coalesce] collect excluded (AMI) faces ...
[coalesce]   1650576 excluded faces (0.2s)
[coalesce] merge points ...
[coalesce]   merge done (22.0s)
[coalesce] check degenerate faces ...
[coalesce] degenerate check done (68.1s)
[coalesce] build vertex signature keys ...
[coalesce]   877755 signature buckets (13.1s)
[coalesce] signature pairing ...
[coalesce] signature pairing done: 632219 paired (1.9s)
[coalesce] compact mesh ...
[coalesce]   compact done (101.3s)
[coalesce] write mesh files ...
[coalesce]   write done (6.6s)
[copy_mesh] coalesce_zone_interfaces done: 632219 paired
[build] coalesce done: 632219 paired
[build] write cellToRegion ...
[build] copy system files ...
[build] compute interface neighbors ...
[build] neighbors: {'air': ['CPU', 'Cover', 'Cu', 'case1', 'case2', 'fin1', 'fin2'], 'case1': ['Cover', 'Cu', 'air', 'f
in1'], 'case2': ['Cover', 'Cu', 'air', 'fin2'], 'CPU': ['Cover', 'Cu', 'air'], 'Cu': ['CPU', 'Cover', 'air', 'case1', '
case2', 'fin1', 'fin2'], 'Cover': ['CPU', 'Cu', 'air', 'case1', 'case2', 'fin1', 'fin2'], 'fin1': ['Cover', 'Cu', 'air'
, 'case1'], 'fin2': ['Cover', 'Cu', 'air', 'case2']}
[build] region air (fluid) ...
[build]   MRF origins: [(-0.0678000118994153, -0.002980806987567165, 0.08098497073536845), (0.08019998810057279, -0.002
9808069875668607, 0.08098497073536823)]
[build] region case1 (fluid) ...
[build] region case2 (fluid) ...
[build] region CPU (solid) ...
[build] region Cu (solid) ...
[build] region Cover (solid) ...
[build] region fin1 (solid) ...
[build] region fin2 (solid) ...
[build] write 0.orig fields ...
[build] write scripts and reports ...
{
  "source": "D:\\training\\cgns\\cgns2foam\\cases\\laptop_thermal_steady_scaled_v3_orig",
  "output": "D:\\training\\cgns\\foam2thermal\\cases\\laptop_thermal_cht_v3",
  "cell_zones": [
    "laptop_3d_geom.air.air_domain",
    "laptop_3d_geom.fan2.case2",
    "laptop_3d_geom.fan1.case1",
    "laptop_3d_geom.solid_region.CPU",
    "solid_region.Cu_block",
    "solid_region.Cover",
    "solid_region.fin_1",
    "solid_region.fin_2",
    "FPHPARTS.rotation1",
    "FPHPARTS.rotation2"
  ],
  "interfaces": [
    {
      "master": "ami_rot1",
      "slave": "ami_rot1_1",
      "kind": "fluid_fluid",
      "method": "cyclicAMI"
    },
    {
      "master": "ami_rot2",
      "slave": "ami_rot2_1",
      "kind": "fluid_fluid",
      "method": "cyclicAMI"
    },
    {
      "master": "CPU_s",
      "slave": "CPU_s_1",
      "kind": "fluid_solid",
      "method": "stitch"
    },
    {
      "master": "CU_s",
      "slave": "CU_s_1",
      "kind": "fluid_solid",
      "method": "stitch"
    },
    {
      "master": "Cover_s",
      "slave": "Cover_s_1",
      "kind": "fluid_solid",
      "method": "stitch"
    },
    {
      "master": "case1_s",
      "slave": "case1_s_1",
      "kind": "fluid_fluid",
      "method": "stitch"
    },
    {
      "master": "case2_s",
      "slave": "case2_s_1",
      "kind": "fluid_fluid",
      "method": "stitch"
    },
    {
      "master": "fin1_s",
      "slave": "fin1_s_1",
      "kind": "fluid_solid",
      "method": "stitch"
    },
    {
      "master": "fin2_s",
      "slave": "fin2_s_1",
      "kind": "fluid_solid",
      "method": "stitch"
    }
  ],
  "mesh_coalesce": {
    "paired_faces": 632219,
    "paired_signature": 632219,
    "paired_geometric": 0,
    "suspected_unpaired_interface_faces": 0,
    "unpaired_by_patch": {
      "open": 17746,
      "case1_s": 2,
      "Cover_s": 4,
      "case1_s_1": 2,
      "Cover_s_1": 4,
      "impeller1_s": 113933,
      "impeller2_s": 113933
    },
    "points_before": 10598544,
    "points_after": 9467778,
    "faces_before": 22847265,
    "faces_after": 22215046,
    "internal_faces": 20318846,
    "boundary_patches": 11
  }
}

Input mesh : D:\training\cgns\cgns2foam\cases\laptop_thermal_steady_scaled_v3_orig
Output case: cases\laptop_thermal_cht_v3
Next (MSYS2 OpenFOAM):
  cd cases\laptop_thermal_cht_v3
  ./Allrun.pre   # stitch + split regions
  ./Allrun       # chtMultiRegionSimpleFoam
